Started GET "/" for ::1 at 2024-03-19 23:06:50 +0500
Processing by PagesController#home as HTML
  Rendering layout layouts/application.html.erb
  Rendering pages/home.html.erb within layouts/application
  Rendered pages/home.html.erb within layouts/application (Duration: 0.6ms | Allocations: 423)
  Rendered layout layouts/application.html.erb (Duration: 95.0ms | Allocations: 68092)
Completed 200 OK in 104ms (Views: 98.0ms | ActiveRecord: 0.0ms | Allocations: 71786)


Started GET "/" for ::1 at 2024-03-19 23:06:52 +0500
Processing by PagesController#home as HTML
  Rendering layout layouts/application.html.erb
  Rendering pages/home.html.erb within layouts/application
  Rendered pages/home.html.erb within layouts/application (Duration: 0.1ms | Allocations: 7)
  Rendered layout layouts/application.html.erb (Duration: 3.4ms | Allocations: 1820)
Completed 200 OK in 4ms (Views: 4.1ms | ActiveRecord: 0.0ms | Allocations: 2065)


Started GET "/" for ::1 at 2024-03-19 23:07:00 +0500
Processing by PagesController#home as HTML
  Rendering layout layouts/application.html.erb
  Rendering pages/home.html.erb within layouts/application
  Rendered pages/home.html.erb within layouts/application (Duration: 0.1ms | Allocations: 7)
  Rendered layout layouts/application.html.erb (Duration: 4.6ms | Allocations: 1823)
Completed 200 OK in 6ms (Views: 5.5ms | ActiveRecord: 0.0ms | Allocations: 2067)


Started GET "/home" for ::1 at 2024-03-19 23:07:09 +0500
  
ActionController::RoutingError (No route matches [GET] "/home"):
  
Started GET "/" for ::1 at 2024-03-19 23:08:31 +0500
Processing by PagesController#home as HTML
  Rendering layout layouts/application.html.erb
  Rendering pages/home.html.erb within layouts/application
  Rendered pages/home.html.erb within layouts/application (Duration: 0.1ms | Allocations: 7)
  Rendered layout layouts/application.html.erb (Duration: 6.5ms | Allocations: 1826)
Completed 200 OK in 8ms (Views: 7.5ms | ActiveRecord: 0.0ms | Allocations: 2071)


Started GET "/" for ::1 at 2024-03-19 23:08:48 +0500
Processing by PagesController#home as HTML
  Rendering layout layouts/application.html.erb
  Rendering pages/home.html.erb within layouts/application
  Rendered pages/home.html.erb within layouts/application (Duration: 0.6ms | Allocations: 130)
  Rendered layout layouts/application.html.erb (Duration: 5.5ms | Allocations: 2228)
Completed 200 OK in 8ms (Views: 8.1ms | ActiveRecord: 0.0ms | Allocations: 2836)


Started GET "/" for ::1 at 2024-03-19 23:08:56 +0500
Processing by PagesController#home as HTML
  Rendering layout layouts/application.html.erb
  Rendering pages/home.html.erb within layouts/application
  Rendered pages/home.html.erb within layouts/application (Duration: 0.6ms | Allocations: 95)
  Rendered layout layouts/application.html.erb (Duration: 6.0ms | Allocations: 2190)
Completed 200 OK in 10ms (Views: 10.0ms | ActiveRecord: 0.0ms | Allocations: 2799)


